<?xml version="1.0" encoding="UTF-8"?>
<testng-results ignored="0" total="3" passed="3" failed="0" skipped="0">
  <reporter-output>
  </reporter-output>
  <suite started-at="2025-12-10T11:59:45 CST" name="Broadleaf Selenium Suite" finished-at="2025-12-10T12:00:01 CST" duration-ms="16322">
    <groups>
    </groups>
    <test started-at="2025-12-10T11:59:45 CST" name="UI Flow Tests" finished-at="2025-12-10T12:00:01 CST" duration-ms="16322">
      <class name="tests.CheckoutMultiStepTest">
        <test-method is-config="true" signature="setUp()[pri:0, instance:tests.CheckoutMultiStepTest@60704c]" started-at="2025-12-10T11:59:45 CST" name="setUp" finished-at="2025-12-10T11:59:50 CST" duration-ms="4654" status="PASS">
          <reporter-output>
          </reporter-output>
        </test-method> <!-- setUp -->
        <test-method signature="guestCheckoutPriorityShipping()[pri:0, instance:tests.CheckoutMultiStepTest@60704c]" started-at="2025-12-10T11:59:50 CST" name="guestCheckoutPriorityShipping" finished-at="2025-12-10T11:59:54 CST" duration-ms="4798" status="PASS">
          <reporter-output>
          </reporter-output>
        </test-method> <!-- guestCheckoutPriorityShipping -->
        <test-method is-config="true" signature="tearDown()[pri:0, instance:tests.CheckoutMultiStepTest@60704c]" started-at="2025-12-10T11:59:54 CST" name="tearDown" finished-at="2025-12-10T11:59:55 CST" duration-ms="95" status="PASS">
          <reporter-output>
          </reporter-output>
        </test-method> <!-- tearDown -->
        <test-method is-config="true" signature="setUp()[pri:0, instance:tests.CheckoutMultiStepTest@60704c]" started-at="2025-12-10T11:59:55 CST" name="setUp" finished-at="2025-12-10T11:59:56 CST" duration-ms="1411" status="PASS">
          <reporter-output>
          </reporter-output>
        </test-method> <!-- setUp -->
        <test-method signature="guestCheckoutStandardShipping()[pri:0, instance:tests.CheckoutMultiStepTest@60704c]" started-at="2025-12-10T11:59:56 CST" name="guestCheckoutStandardShipping" finished-at="2025-12-10T12:00:01 CST" duration-ms="5258" status="PASS">
          <reporter-output>
          </reporter-output>
        </test-method> <!-- guestCheckoutStandardShipping -->
        <test-method is-config="true" signature="tearDown()[pri:0, instance:tests.CheckoutMultiStepTest@60704c]" started-at="2025-12-10T12:00:01 CST" name="tearDown" finished-at="2025-12-10T12:00:01 CST" duration-ms="90" status="PASS">
          <reporter-output>
          </reporter-output>
        </test-method> <!-- tearDown -->
      </class> <!-- tests.CheckoutMultiStepTest -->
      <class name="tests.RegistrationMultiStepTest">
        <test-method is-config="true" signature="setUp()[pri:0, instance:tests.RegistrationMultiStepTest@4445629]" started-at="2025-12-10T11:59:45 CST" name="setUp" finished-at="2025-12-10T11:59:50 CST" duration-ms="4749" status="PASS">
          <reporter-output>
          </reporter-output>
        </test-method> <!-- setUp -->
        <test-method signature="userCanRegisterWithValidData()[pri:0, instance:tests.RegistrationMultiStepTest@4445629]" started-at="2025-12-10T11:59:50 CST" name="userCanRegisterWithValidData" finished-at="2025-12-10T11:59:51 CST" duration-ms="1292" status="PASS">
          <reporter-output>
          </reporter-output>
        </test-method> <!-- userCanRegisterWithValidData -->
        <test-method is-config="true" signature="tearDown()[pri:0, instance:tests.RegistrationMultiStepTest@4445629]" started-at="2025-12-10T11:59:51 CST" name="tearDown" finished-at="2025-12-10T11:59:51 CST" duration-ms="94" status="PASS">
          <reporter-output>
          </reporter-output>
        </test-method> <!-- tearDown -->
      </class> <!-- tests.RegistrationMultiStepTest -->
    </test> <!-- UI Flow Tests -->
  </suite> <!-- Broadleaf Selenium Suite -->
</testng-results>
