<?xml version="1.0" encoding="UTF-8"?>
<!-- Generated by org.testng.reporters.JUnitXMLReporter -->
<testsuite ignored="0" hostname="Ambers-MacBook-Air.local" failures="0" tests="3" name="UI Flow Tests" time="16.322" errors="0" timestamp="2025-12-10T12:00:01 CST">
  <testcase classname="tests.RegistrationMultiStepTest" name="userCanRegisterWithValidData" time="1.292"/>
  <testcase classname="tests.CheckoutMultiStepTest" name="guestCheckoutPriorityShipping" time="4.798"/>
  <testcase classname="tests.CheckoutMultiStepTest" name="guestCheckoutStandardShipping" time="5.258"/>
</testsuite> <!-- UI Flow Tests -->
