<?xml version="1.0" encoding="UTF-8"?>
<!-- Generated by org.testng.reporters.JUnitReportReporter -->
<testsuite hostname="Ambers-MacBook-Air.local" failures="0" tests="2" name="tests.CheckoutMultiStepTest" time="16.306" errors="0" timestamp="2025-12-10T12:00:01 CST" skipped="0">
  <testcase classname="tests.CheckoutMultiStepTest" name="guestCheckoutPriorityShipping" time="9.542"/>
  <testcase classname="tests.CheckoutMultiStepTest" name="guestCheckoutStandardShipping" time="6.764"/>
</testsuite> <!-- tests.CheckoutMultiStepTest -->
